<?xml version="1.0" encoding="UTF-8"?>
<beans xmlns="http://www.springframework.org/schema/beans"
	xmlns:xsi="http://www.w3.org/2001/XMLSchema-instance" xmlns:util="http://www.springframework.org/schema/util"
	xmlns:c="http://www.springframework.org/schema/c" xmlns:p="http://www.springframework.org/schema/p"
	xsi:schemaLocation="http://www.springframework.org/schema/beans http://www.springframework.org/schema/beans/spring-beans.xsd
		http://www.springframework.org/schema/util http://www.springframework.org/schema/util/spring-util.xsd">

    <!-- The following components are for our Event Bus, which uses our Envelope Bus -->
    <bean id="eventBus" class="amp.eventing.DefaultEventBus"
          destroy-method="dispose">
        <constructor-arg ref="envelopeBus" />
        <constructor-arg >
            <util:list value-type="amp.eventing.IEventProcessor">
                <ref bean="rpcFilter" />
                <ref bean="JsonSerializationProcessor" />
            </util:list>
        </constructor-arg>
        <constructor-arg >
            <util:list value-type="amp.eventing.IEventProcessor">
                <ref bean="JsonSerializationProcessor" />
                <ref bean="OutboundHeadersProcessor" />
                <ref bean="rpcFilter"/>
            </util:list>
        </constructor-arg>
    </bean>

    <bean id="JsonSerializationProcessor" class="amp.messaging.JsonSerializationProcessor" />

    <bean id="OutboundHeadersProcessor" class="amp.messaging.OutboundHeadersProcessor"
          c:userInfoRepository-ref="userInfoRepository"  />

    <bean id="userInfoRepository" class="amp.bus.security.InMemoryUserInfoRepository"
          c:mapping-ref="userMapping" />

    <util:map id="userMapping" key-type="java.lang.String" value-type="java.lang.String" />

    <bean id="rpcFilter" class="amp.eventing.RpcFilter" />


    <!-- The follow components are for our Envelope Bus -->
    <bean id="envelopeBus" class="amp.bus.DefaultEnvelopeBus" destroy-method="dispose"
          c:transportProvider-ref="transportProvider" />

    <bean id="transportProvider" class="amp.rabbit.transport.RabbitTransportProvider"
          c:topologyService-ref="topologyService"
          c:channelFactory-ref="channelFactory"
          c:routingInfoCache-ref="routingInfoCache" />

    <bean id="channelFactory" class="amp.rabbit.connection.TokenChannelFactory"
          c:httpClientFactory-ref="tokenHttpClientProvider"
          c:anubisUri="https://anubis.openampere.com:15678/anubis/identity/authenticate"
          c:serializer-ref="tokenSerializer"
          c:secureChannelFactory-ref="secureChannelFactory"/>

    <bean id="tokenHttpClientProvider" class="amp.utility.http.SslHttpClientProvider"
          c:keystore="/amp-test-at-openampere.com.jks"
          c:keystorePassword="1qaz@WSX3edc$RFV"
          c:truststore="/truststore.jks"
          c:trustStorePassword="1qaz@WSX3edc$RFV"
          c:port="15678"/>

    <bean id="tokenSerializer" class="amp.utility.serialization.GsonSerializer" />

    <bean id="secureChannelFactory" class="amp.rabbit.connection.CertificateChannelFactory"
          c:keystore="/amp-test-at-openampere.com.jks"
          c:keystorePassword="1qaz@WSX3edc$RFV"
          c:truststore="/truststore.jks"/>


    <!-- topology configuration -->
    <bean id="topologyService" class="amp.topology.client.GlobalTopologyService"
          c:routingInfoRetriever-ref="routingInfoRetriever"
          c:fallbackProvider-ref="fallbackProvider" />

    <bean id="routingInfoRetriever" class="amp.topology.client.HttpRoutingInfoRetriever"
          c:httpClientProvider-ref="topoHttpClientProvider"
          c:serializer-ref="routingSerializer"
          c:urlExpression="https://gts.openampere.com:15677/service/topology/get-routing-info/%s" />

    <bean id="topoHttpClientProvider" class="amp.utility.http.SslHttpClientProvider"
          c:keystore="/amp-test-at-openampere.com.jks"
          c:keystorePassword="1qaz@WSX3edc$RFV"
          c:truststore="/truststore.jks"
          c:trustStorePassword="1qaz@WSX3edc$RFV"
          c:port="15677" />

    <bean id="routingSerializer" class="amp.utility.serialization.GsonSerializer" />

    <bean id="fallbackProvider" class="amp.topology.client.DefaultApplicationExchangeProvider"
          p:hostname="rabbit.openampere.com"
          p:port="5671"
          p:exchangeName="amp.fallback" />

    <bean id="routingInfoCache" class="amp.rabbit.transport.CommandableCache"
          c:commandReceiver-ref="commandReceiver"
          c:cacheExpiryInSeconds="600" />

    <bean id="commandReceiver" class="amp.commanding.DefaultCommandReceiver" >
        <constructor-arg ref="envelopeReceiver" />
        <constructor-arg >
            <util:list value-type="amp.messaging.IMessageProcessor">
                <ref bean="Cmd-JsonSerializationProcessor" />
            </util:list>
        </constructor-arg>
    </bean>

    <bean id="envelopeReceiver" class="amp.rabbit.transport.RabbitEnvelopeReceiver"
          c:topologyService-ref="topologyService"
          c:channelFactory-ref="channelFactory" />

    <bean id="Cmd-JsonSerializationProcessor" class="amp.messaging.JsonSerializationProcessor" />

</beans>